<?xml version="1.0" encoding="UTF-8"?>
<!-- Generated by org.testng.reporters.JUnitXMLReporter -->
<testsuite hostname="DevelopmentPC" ignored="0" name="Default test" tests="19" failures="0" timestamp="2020-02-09T20:09:42 IST" time="0.556" errors="0">
  <testcase name="Data_provide_Excel" time="0.008" classname="Test_NG.Data_provider_using_Excel"/>
  <testcase name="Data_provide_Excel" time="0.002" classname="Test_NG.Data_provider_using_Excel"/>
  <testcase name="Data_provide_Excel" time="0.001" classname="Test_NG.Data_provider_using_Excel"/>
  <testcase name="Data_provide_Excel" time="0.001" classname="Test_NG.Data_provider_using_Excel"/>
  <testcase name="Data_provide_Excel" time="0.002" classname="Test_NG.Data_provider_using_Excel"/>
  <testcase name="Data_provide_Excel" time="0.001" classname="Test_NG.Data_provider_using_Excel"/>
  <testcase name="Data_provide_Excel" time="0.002" classname="Test_NG.Data_provider_using_Excel"/>
  <testcase name="Data_provide_Excel" time="0.001" classname="Test_NG.Data_provider_using_Excel"/>
  <testcase name="Data_provide_Excel" time="0.001" classname="Test_NG.Data_provider_using_Excel"/>
  <testcase name="Data_provide_Excel" time="0.001" classname="Test_NG.Data_provider_using_Excel"/>
  <testcase name="Data_provide_Excel" time="0.001" classname="Test_NG.Data_provider_using_Excel"/>
  <testcase name="Data_provide_Excel" time="0.001" classname="Test_NG.Data_provider_using_Excel"/>
  <testcase name="Data_provide_Excel" time="0.002" classname="Test_NG.Data_provider_using_Excel"/>
  <testcase name="Data_provide_Excel" time="0.002" classname="Test_NG.Data_provider_using_Excel"/>
  <testcase name="Data_provide_Excel" time="0.0" classname="Test_NG.Data_provider_using_Excel"/>
  <testcase name="Data_provide_Excel" time="0.002" classname="Test_NG.Data_provider_using_Excel"/>
  <testcase name="Data_provide_Excel" time="0.001" classname="Test_NG.Data_provider_using_Excel"/>
  <testcase name="Data_provide_Excel" time="0.001" classname="Test_NG.Data_provider_using_Excel"/>
  <testcase name="Data_provide_Excel" time="0.001" classname="Test_NG.Data_provider_using_Excel"/>
</testsuite> <!-- Default test -->
