<?xml version="1.0" encoding="UTF-8"?>
<!-- Generated by org.testng.reporters.JUnitXMLReporter -->
<testsuite hostname="DevelopmentPC" ignored="2" name="Test1" tests="6" failures="0" timestamp="2020-02-09T20:09:07 IST" time="6.389" errors="0">
  <testcase name="Login_Customer1" time="6.267" classname="Test_NG.Test1"/>
  <testcase name="Login_Customer2" time="0.009" classname="Test_NG.Test1"/>
  <testcase name="Smoke_Test_1" time="0.002" classname="Test_NG.Test1"/>
  <testcase name="DB" time="0.003" classname="Test_NG.Test2"/>
  <testcase name="DB" time="0.004" classname="Test_NG.Test2"/>
  <testcase name="Param1" time="0.003" classname="Test_NG.Parameterizing_From_TestNG"/>
  <testcase name="Smoke_Test_2" time="0.0" classname="Test_NG.Test2">
    <ignored/>
  </testcase> <!-- Smoke_Test_2 -->
  <testcase name="Account" time="0.0" classname="Test_NG.Test2">
    <ignored/>
  </testcase> <!-- Account -->
</testsuite> <!-- Test1 -->
