<?xml version="1.0" encoding="UTF-8"?>
<!-- Generated by org.testng.reporters.JUnitXMLReporter -->
<testsuite hostname="DevelopmentPC" ignored="1" name="Test2" tests="4" failures="0" timestamp="2020-02-09T20:09:12 IST" time="5.017" errors="0">
  <testcase name="T1" time="0.001" classname="Test_NG.Test3"/>
  <testcase name="T3" time="5.003" classname="Test_NG.Test3"/>
  <testcase name="Smoke_Test_3" time="0.001" classname="Test_NG.Test3"/>
  <testcase name="Dependency" time="0.0" classname="Test_NG.Test3"/>
  <testcase name="T2" time="0.0" classname="Test_NG.Test3">
    <ignored/>
  </testcase> <!-- T2 -->
</testsuite> <!-- Test2 -->
