<?xml version="1.0" encoding="UTF-8"?>
<testng-results skipped="0" failed="0" ignored="0" total="19" passed="19">
  <reporter-output>
  </reporter-output>
  <suite name="Default suite" duration-ms="556" started-at="2020-02-09T20:09:41 IST" finished-at="2020-02-09T20:09:42 IST">
    <groups>
    </groups>
    <test name="Default test" duration-ms="556" started-at="2020-02-09T20:09:41 IST" finished-at="2020-02-09T20:09:42 IST">
      <class name="Test_NG.Data_provider_using_Excel">
        <test-method status="PASS" signature="Data_provide_Excel(java.lang.String, java.lang.String)[pri:0, instance:Test_NG.Data_provider_using_Excel@50b494a6]" name="Data_provide_Excel" duration-ms="8" started-at="2020-02-09T20:09:42 IST" data-provider="Data_Provider_TestNG" finished-at="2020-02-09T20:09:42 IST">
          <params>
            <param index="0">
              <value>
                <![CDATA[test1]]>
              </value>
            </param>
            <param index="1">
              <value>
                <![CDATA[pass1]]>
              </value>
            </param>
          </params>
          <reporter-output>
          </reporter-output>
        </test-method> <!-- Data_provide_Excel -->
        <test-method status="PASS" signature="Data_provide_Excel(java.lang.String, java.lang.String)[pri:0, instance:Test_NG.Data_provider_using_Excel@50b494a6]" name="Data_provide_Excel" duration-ms="2" started-at="2020-02-09T20:09:42 IST" data-provider="Data_Provider_TestNG" finished-at="2020-02-09T20:09:42 IST">
          <params>
            <param index="0">
              <value>
                <![CDATA[test2]]>
              </value>
            </param>
            <param index="1">
              <value>
                <![CDATA[pass2]]>
              </value>
            </param>
          </params>
          <reporter-output>
          </reporter-output>
        </test-method> <!-- Data_provide_Excel -->
        <test-method status="PASS" signature="Data_provide_Excel(java.lang.String, java.lang.String)[pri:0, instance:Test_NG.Data_provider_using_Excel@50b494a6]" name="Data_provide_Excel" duration-ms="1" started-at="2020-02-09T20:09:42 IST" data-provider="Data_Provider_TestNG" finished-at="2020-02-09T20:09:42 IST">
          <params>
            <param index="0">
              <value>
                <![CDATA[test3]]>
              </value>
            </param>
            <param index="1">
              <value>
                <![CDATA[pass3]]>
              </value>
            </param>
          </params>
          <reporter-output>
          </reporter-output>
        </test-method> <!-- Data_provide_Excel -->
        <test-method status="PASS" signature="Data_provide_Excel(java.lang.String, java.lang.String)[pri:0, instance:Test_NG.Data_provider_using_Excel@50b494a6]" name="Data_provide_Excel" duration-ms="1" started-at="2020-02-09T20:09:42 IST" data-provider="Data_Provider_TestNG" finished-at="2020-02-09T20:09:42 IST">
          <params>
            <param index="0">
              <value>
                <![CDATA[test4]]>
              </value>
            </param>
            <param index="1">
              <value>
                <![CDATA[pass4]]>
              </value>
            </param>
          </params>
          <reporter-output>
          </reporter-output>
        </test-method> <!-- Data_provide_Excel -->
        <test-method status="PASS" signature="Data_provide_Excel(java.lang.String, java.lang.String)[pri:0, instance:Test_NG.Data_provider_using_Excel@50b494a6]" name="Data_provide_Excel" duration-ms="2" started-at="2020-02-09T20:09:42 IST" data-provider="Data_Provider_TestNG" finished-at="2020-02-09T20:09:42 IST">
          <params>
            <param index="0">
              <value>
                <![CDATA[test5]]>
              </value>
            </param>
            <param index="1">
              <value>
                <![CDATA[pass5]]>
              </value>
            </param>
          </params>
          <reporter-output>
          </reporter-output>
        </test-method> <!-- Data_provide_Excel -->
        <test-method status="PASS" signature="Data_provide_Excel(java.lang.String, java.lang.String)[pri:0, instance:Test_NG.Data_provider_using_Excel@50b494a6]" name="Data_provide_Excel" duration-ms="1" started-at="2020-02-09T20:09:42 IST" data-provider="Data_Provider_TestNG" finished-at="2020-02-09T20:09:42 IST">
          <params>
            <param index="0">
              <value>
                <![CDATA[test6]]>
              </value>
            </param>
            <param index="1">
              <value>
                <![CDATA[pass6]]>
              </value>
            </param>
          </params>
          <reporter-output>
          </reporter-output>
        </test-method> <!-- Data_provide_Excel -->
        <test-method status="PASS" signature="Data_provide_Excel(java.lang.String, java.lang.String)[pri:0, instance:Test_NG.Data_provider_using_Excel@50b494a6]" name="Data_provide_Excel" duration-ms="2" started-at="2020-02-09T20:09:42 IST" data-provider="Data_Provider_TestNG" finished-at="2020-02-09T20:09:42 IST">
          <params>
            <param index="0">
              <value>
                <![CDATA[test7]]>
              </value>
            </param>
            <param index="1">
              <value>
                <![CDATA[pass7]]>
              </value>
            </param>
          </params>
          <reporter-output>
          </reporter-output>
        </test-method> <!-- Data_provide_Excel -->
        <test-method status="PASS" signature="Data_provide_Excel(java.lang.String, java.lang.String)[pri:0, instance:Test_NG.Data_provider_using_Excel@50b494a6]" name="Data_provide_Excel" duration-ms="1" started-at="2020-02-09T20:09:42 IST" data-provider="Data_Provider_TestNG" finished-at="2020-02-09T20:09:42 IST">
          <params>
            <param index="0">
              <value>
                <![CDATA[test8]]>
              </value>
            </param>
            <param index="1">
              <value>
                <![CDATA[pass8]]>
              </value>
            </param>
          </params>
          <reporter-output>
          </reporter-output>
        </test-method> <!-- Data_provide_Excel -->
        <test-method status="PASS" signature="Data_provide_Excel(java.lang.String, java.lang.String)[pri:0, instance:Test_NG.Data_provider_using_Excel@50b494a6]" name="Data_provide_Excel" duration-ms="1" started-at="2020-02-09T20:09:42 IST" data-provider="Data_Provider_TestNG" finished-at="2020-02-09T20:09:42 IST">
          <params>
            <param index="0">
              <value>
                <![CDATA[test9]]>
              </value>
            </param>
            <param index="1">
              <value>
                <![CDATA[pass9]]>
              </value>
            </param>
          </params>
          <reporter-output>
          </reporter-output>
        </test-method> <!-- Data_provide_Excel -->
        <test-method status="PASS" signature="Data_provide_Excel(java.lang.String, java.lang.String)[pri:0, instance:Test_NG.Data_provider_using_Excel@50b494a6]" name="Data_provide_Excel" duration-ms="1" started-at="2020-02-09T20:09:42 IST" data-provider="Data_Provider_TestNG" finished-at="2020-02-09T20:09:42 IST">
          <params>
            <param index="0">
              <value>
                <![CDATA[test10]]>
              </value>
            </param>
            <param index="1">
              <value>
                <![CDATA[pass10]]>
              </value>
            </param>
          </params>
          <reporter-output>
          </reporter-output>
        </test-method> <!-- Data_provide_Excel -->
        <test-method status="PASS" signature="Data_provide_Excel(java.lang.String, java.lang.String)[pri:0, instance:Test_NG.Data_provider_using_Excel@50b494a6]" name="Data_provide_Excel" duration-ms="1" started-at="2020-02-09T20:09:42 IST" data-provider="Data_Provider_TestNG" finished-at="2020-02-09T20:09:42 IST">
          <params>
            <param index="0">
              <value>
                <![CDATA[test11]]>
              </value>
            </param>
            <param index="1">
              <value>
                <![CDATA[pass11]]>
              </value>
            </param>
          </params>
          <reporter-output>
          </reporter-output>
        </test-method> <!-- Data_provide_Excel -->
        <test-method status="PASS" signature="Data_provide_Excel(java.lang.String, java.lang.String)[pri:0, instance:Test_NG.Data_provider_using_Excel@50b494a6]" name="Data_provide_Excel" duration-ms="1" started-at="2020-02-09T20:09:42 IST" data-provider="Data_Provider_TestNG" finished-at="2020-02-09T20:09:42 IST">
          <params>
            <param index="0">
              <value>
                <![CDATA[test12]]>
              </value>
            </param>
            <param index="1">
              <value>
                <![CDATA[pass12]]>
              </value>
            </param>
          </params>
          <reporter-output>
          </reporter-output>
        </test-method> <!-- Data_provide_Excel -->
        <test-method status="PASS" signature="Data_provide_Excel(java.lang.String, java.lang.String)[pri:0, instance:Test_NG.Data_provider_using_Excel@50b494a6]" name="Data_provide_Excel" duration-ms="2" started-at="2020-02-09T20:09:42 IST" data-provider="Data_Provider_TestNG" finished-at="2020-02-09T20:09:42 IST">
          <params>
            <param index="0">
              <value>
                <![CDATA[test13]]>
              </value>
            </param>
            <param index="1">
              <value>
                <![CDATA[pass13]]>
              </value>
            </param>
          </params>
          <reporter-output>
          </reporter-output>
        </test-method> <!-- Data_provide_Excel -->
        <test-method status="PASS" signature="Data_provide_Excel(java.lang.String, java.lang.String)[pri:0, instance:Test_NG.Data_provider_using_Excel@50b494a6]" name="Data_provide_Excel" duration-ms="2" started-at="2020-02-09T20:09:42 IST" data-provider="Data_Provider_TestNG" finished-at="2020-02-09T20:09:42 IST">
          <params>
            <param index="0">
              <value>
                <![CDATA[test14]]>
              </value>
            </param>
            <param index="1">
              <value>
                <![CDATA[pass14]]>
              </value>
            </param>
          </params>
          <reporter-output>
          </reporter-output>
        </test-method> <!-- Data_provide_Excel -->
        <test-method status="PASS" signature="Data_provide_Excel(java.lang.String, java.lang.String)[pri:0, instance:Test_NG.Data_provider_using_Excel@50b494a6]" name="Data_provide_Excel" duration-ms="0" started-at="2020-02-09T20:09:42 IST" data-provider="Data_Provider_TestNG" finished-at="2020-02-09T20:09:42 IST">
          <params>
            <param index="0">
              <value>
                <![CDATA[test15]]>
              </value>
            </param>
            <param index="1">
              <value>
                <![CDATA[pass15]]>
              </value>
            </param>
          </params>
          <reporter-output>
          </reporter-output>
        </test-method> <!-- Data_provide_Excel -->
        <test-method status="PASS" signature="Data_provide_Excel(java.lang.String, java.lang.String)[pri:0, instance:Test_NG.Data_provider_using_Excel@50b494a6]" name="Data_provide_Excel" duration-ms="2" started-at="2020-02-09T20:09:42 IST" data-provider="Data_Provider_TestNG" finished-at="2020-02-09T20:09:42 IST">
          <params>
            <param index="0">
              <value>
                <![CDATA[test16]]>
              </value>
            </param>
            <param index="1">
              <value>
                <![CDATA[pass16]]>
              </value>
            </param>
          </params>
          <reporter-output>
          </reporter-output>
        </test-method> <!-- Data_provide_Excel -->
        <test-method status="PASS" signature="Data_provide_Excel(java.lang.String, java.lang.String)[pri:0, instance:Test_NG.Data_provider_using_Excel@50b494a6]" name="Data_provide_Excel" duration-ms="1" started-at="2020-02-09T20:09:42 IST" data-provider="Data_Provider_TestNG" finished-at="2020-02-09T20:09:42 IST">
          <params>
            <param index="0">
              <value>
                <![CDATA[test17]]>
              </value>
            </param>
            <param index="1">
              <value>
                <![CDATA[pass17]]>
              </value>
            </param>
          </params>
          <reporter-output>
          </reporter-output>
        </test-method> <!-- Data_provide_Excel -->
        <test-method status="PASS" signature="Data_provide_Excel(java.lang.String, java.lang.String)[pri:0, instance:Test_NG.Data_provider_using_Excel@50b494a6]" name="Data_provide_Excel" duration-ms="1" started-at="2020-02-09T20:09:42 IST" data-provider="Data_Provider_TestNG" finished-at="2020-02-09T20:09:42 IST">
          <params>
            <param index="0">
              <value>
                <![CDATA[test18]]>
              </value>
            </param>
            <param index="1">
              <value>
                <![CDATA[pass18]]>
              </value>
            </param>
          </params>
          <reporter-output>
          </reporter-output>
        </test-method> <!-- Data_provide_Excel -->
        <test-method status="PASS" signature="Data_provide_Excel(java.lang.String, java.lang.String)[pri:0, instance:Test_NG.Data_provider_using_Excel@50b494a6]" name="Data_provide_Excel" duration-ms="1" started-at="2020-02-09T20:09:42 IST" data-provider="Data_Provider_TestNG" finished-at="2020-02-09T20:09:42 IST">
          <params>
            <param index="0">
              <value>
                <![CDATA[test19]]>
              </value>
            </param>
            <param index="1">
              <value>
                <![CDATA[pass19]]>
              </value>
            </param>
          </params>
          <reporter-output>
          </reporter-output>
        </test-method> <!-- Data_provide_Excel -->
      </class> <!-- Test_NG.Data_provider_using_Excel -->
    </test> <!-- Default test -->
  </suite> <!-- Default suite -->
</testng-results>
